<?xml version="1.0" encoding="UTF-8"?>
<testsuite name="com.octavio.starter_broker.TestMainVerticle" tests="1" skipped="0" failures="0" errors="0" timestamp="2025-02-05T15:58:40" hostname="ramiro" time="0.188">
  <properties/>
  <testcase name="verticle_deployed(Vertx, VertxTestContext)" classname="com.octavio.starter_broker.TestMainVerticle" time="0.188"/>
  <system-out><![CDATA[HTTP server started on port 8888
]]></system-out>
  <system-err><![CDATA[]]></system-err>
</testsuite>
